[[1;34mINFO[m] Scanning for projects...
[[1;33mWARNING[m] 
[[1;33mWARNING[m] Some problems were encountered while building the effective model for org.apache.druid:druid-processing:jar:25.0.0-SNAPSHOT
[[1;33mWARNING[m] 'build.plugins.plugin.(groupId:artifactId)' must be unique but found duplicate declaration of plugin org.apache.maven.plugins:maven-surefire-plugin @ line 301, column 21
[[1;33mWARNING[m] 
[[1;33mWARNING[m] It is highly recommended to fix these problems because they threaten the stability of your build.
[[1;33mWARNING[m] 
[[1;33mWARNING[m] For this reason, future Maven versions might no longer support building such malformed projects.
[[1;33mWARNING[m] 
[[1;34mINFO[m] 
[[1;34mINFO[m] [1m-----------------< [0;36morg.apache.druid:druid-processing[0;1m >------------------[m
[[1;34mINFO[m] [1mBuilding druid-processing 25.0.0-SNAPSHOT[m
[[1;34mINFO[m] [1m--------------------------------[ jar ]---------------------------------[m
[[1;34mINFO[m] 
[[1;34mINFO[m] [1m--- [0;32mmaven-surefire-plugin:3.0.0-M4:test[m [1m(default-cli)[m @ [36mdruid-processing[0;1m ---[m
[[1;34mINFO[m] 
[[1;34mINFO[m] -------------------------------------------------------
[[1;34mINFO[m]  T E S T S
[[1;34mINFO[m] -------------------------------------------------------
[[1;34mINFO[m] 
[[1;34mINFO[m] Results:
[[1;34mINFO[m] 
[[1;34mINFO[m] Tests run: 0, Failures: 0, Errors: 0, Skipped: 0
[[1;34mINFO[m] 
[[1;34mINFO[m] [1m------------------------------------------------------------------------[m
[[1;34mINFO[m] [1;31mBUILD FAILURE[m
[[1;34mINFO[m] [1m------------------------------------------------------------------------[m
[[1;34mINFO[m] Total time:  1.815 s
[[1;34mINFO[m] Finished at: 2022-12-01T10:41:59-06:00
[[1;34mINFO[m] [1m------------------------------------------------------------------------[m
[[1;31mERROR[m] Failed to execute goal [32morg.apache.maven.plugins:maven-surefire-plugin:3.0.0-M4:test[m [1m(default-cli)[m on project [36mdruid-processing[m: [1;31mThere are test failures.[m
[[1;31mERROR[m] [1;31m[m
[[1;31mERROR[m] [1;31mPlease refer to /home/yenc3/project/openctest/core/identify_param/app/ctest-druid/processing/target/surefire-reports for the individual test results.[m
[[1;31mERROR[m] [1;31mPlease refer to dump files (if any exist) [date].dump, [date]-jvmRun[N].dump and [date].dumpstream.[m
[[1;31mERROR[m] [1;31mThe forked VM terminated without properly saying goodbye. VM crash or System.exit called?[m
[[1;31mERROR[m] [1;31mCommand was /bin/sh -c cd /home/yenc3/project/openctest/core/identify_param/app/ctest-druid/processing && /usr/lib/jvm/java-8-openjdk-amd64/jre/bin/java '@{jacocoArgLine}' -Xmx1500m -XX:MaxDirectMemorySize=2500m -XX:+ExitOnOutOfMemoryError -XX:+HeapDumpOnOutOfMemoryError -Duser.language=en -Duser.GroupByQueryRunnerTest.javacountry=US -Dfile.encoding=UTF-8 -Duser.timezone=UTC -Djava.util.logging.manager=org.apache.logging.log4j.jul.LogManager -Daws.region=us-east-1 -Ddruid.test.stupidPool.poison=true -Ddruid.indexing.doubleStorage=double -jar /home/yenc3/project/openctest/core/identify_param/app/ctest-druid/processing/target/surefire/surefirebooter7947380385137257309.jar /home/yenc3/project/openctest/core/identify_param/app/ctest-druid/processing/target/surefire 2022-12-01T10-41-58_320-jvmRun1 surefire7054918517469375047tmp surefire_07586402766024390981tmp[m
[[1;31mERROR[m] [1;31mError occurred in starting fork, check output in log[m
[[1;31mERROR[m] [1;31mProcess Exit Code: 1[m
[[1;31mERROR[m] [1;31morg.apache.maven.surefire.booter.SurefireBooterForkException: The forked VM terminated without properly saying goodbye. VM crash or System.exit called?[m
[[1;31mERROR[m] [1;31mCommand was /bin/sh -c cd /home/yenc3/project/openctest/core/identify_param/app/ctest-druid/processing && /usr/lib/jvm/java-8-openjdk-amd64/jre/bin/java '@{jacocoArgLine}' -Xmx1500m -XX:MaxDirectMemorySize=2500m -XX:+ExitOnOutOfMemoryError -XX:+HeapDumpOnOutOfMemoryError -Duser.language=en -Duser.GroupByQueryRunnerTest.javacountry=US -Dfile.encoding=UTF-8 -Duser.timezone=UTC -Djava.util.logging.manager=org.apache.logging.log4j.jul.LogManager -Daws.region=us-east-1 -Ddruid.test.stupidPool.poison=true -Ddruid.indexing.doubleStorage=double -jar /home/yenc3/project/openctest/core/identify_param/app/ctest-druid/processing/target/surefire/surefirebooter7947380385137257309.jar /home/yenc3/project/openctest/core/identify_param/app/ctest-druid/processing/target/surefire 2022-12-01T10-41-58_320-jvmRun1 surefire7054918517469375047tmp surefire_07586402766024390981tmp[m
[[1;31mERROR[m] [1;31mError occurred in starting fork, check output in log[m
[[1;31mERROR[m] [1;31mProcess Exit Code: 1[m
[[1;31mERROR[m] [1;31m	at org.apache.maven.plugin.surefire.booterclient.ForkStarter.fork(ForkStarter.java:690)[m
[[1;31mERROR[m] [1;31m	at org.apache.maven.plugin.surefire.booterclient.ForkStarter.run(ForkStarter.java:285)[m
[[1;31mERROR[m] [1;31m	at org.apache.maven.plugin.surefire.booterclient.ForkStarter.run(ForkStarter.java:248)[m
[[1;31mERROR[m] [1;31m	at org.apache.maven.plugin.surefire.AbstractSurefireMojo.executeProvider(AbstractSurefireMojo.java:1217)[m
[[1;31mERROR[m] [1;31m	at org.apache.maven.plugin.surefire.AbstractSurefireMojo.executeAfterPreconditionsChecked(AbstractSurefireMojo.java:1063)[m
[[1;31mERROR[m] [1;31m	at org.apache.maven.plugin.surefire.AbstractSurefireMojo.execute(AbstractSurefireMojo.java:889)[m
[[1;31mERROR[m] [1;31m	at org.apache.maven.plugin.DefaultBuildPluginManager.executeMojo(DefaultBuildPluginManager.java:137)[m
[[1;31mERROR[m] [1;31m	at org.apache.maven.lifecycle.internal.MojoExecutor.execute(MojoExecutor.java:210)[m
[[1;31mERROR[m] [1;31m	at org.apache.maven.lifecycle.internal.MojoExecutor.execute(MojoExecutor.java:156)[m
[[1;31mERROR[m] [1;31m	at org.apache.maven.lifecycle.internal.MojoExecutor.execute(MojoExecutor.java:148)[m
[[1;31mERROR[m] [1;31m	at org.apache.maven.lifecycle.internal.LifecycleModuleBuilder.buildProject(LifecycleModuleBuilder.java:117)[m
[[1;31mERROR[m] [1;31m	at org.apache.maven.lifecycle.internal.LifecycleModuleBuilder.buildProject(LifecycleModuleBuilder.java:81)[m
[[1;31mERROR[m] [1;31m	at org.apache.maven.lifecycle.internal.builder.singlethreaded.SingleThreadedBuilder.build(SingleThreadedBuilder.java:56)[m
[[1;31mERROR[m] [1;31m	at org.apache.maven.lifecycle.internal.LifecycleStarter.execute(LifecycleStarter.java:128)[m
[[1;31mERROR[m] [1;31m	at org.apache.maven.DefaultMaven.doExecute(DefaultMaven.java:305)[m
[[1;31mERROR[m] [1;31m	at org.apache.maven.DefaultMaven.doExecute(DefaultMaven.java:192)[m
[[1;31mERROR[m] [1;31m	at org.apache.maven.DefaultMaven.execute(DefaultMaven.java:105)[m
[[1;31mERROR[m] [1;31m	at org.apache.maven.cli.MavenCli.execute(MavenCli.java:957)[m
[[1;31mERROR[m] [1;31m	at org.apache.maven.cli.MavenCli.doMain(MavenCli.java:289)[m
[[1;31mERROR[m] [1;31m	at org.apache.maven.cli.MavenCli.main(MavenCli.java:193)[m
[[1;31mERROR[m] [1;31m	at sun.reflect.NativeMethodAccessorImpl.invoke0(Native Method)[m
[[1;31mERROR[m] [1;31m	at sun.reflect.NativeMethodAccessorImpl.invoke(NativeMethodAccessorImpl.java:62)[m
[[1;31mERROR[m] [1;31m	at sun.reflect.DelegatingMethodAccessorImpl.invoke(DelegatingMethodAccessorImpl.java:43)[m
[[1;31mERROR[m] [1;31m	at java.lang.reflect.Method.invoke(Method.java:498)[m
[[1;31mERROR[m] [1;31m	at org.codehaus.plexus.classworlds.launcher.Launcher.launchEnhanced(Launcher.java:282)[m
[[1;31mERROR[m] [1;31m	at org.codehaus.plexus.classworlds.launcher.Launcher.launch(Launcher.java:225)[m
[[1;31mERROR[m] [1;31m	at org.codehaus.plexus.classworlds.launcher.Launcher.mainWithExitCode(Launcher.java:406)[m
[[1;31mERROR[m] [1;31m	at org.codehaus.plexus.classworlds.launcher.Launcher.main(Launcher.java:347)[m
[[1;31mERROR[m] [1;31m[m
[[1;31mERROR[m] -> [1m[Help 1][m
[[1;31mERROR[m] 
[[1;31mERROR[m] To see the full stack trace of the errors, re-run Maven with the [1m-e[m switch.
[[1;31mERROR[m] Re-run Maven using the [1m-X[m switch to enable full debug logging.
[[1;31mERROR[m] 
[[1;31mERROR[m] For more information about the errors and possible solutions, please read the following articles:
[[1;31mERROR[m] [1m[Help 1][m http://cwiki.apache.org/confluence/display/MAVEN/MojoExecutionException
